{"C:\\Users\\Virr\\Desktop\\rss\\stage3\\rss-react\\src\\App.tsx": {"path":"C:\\Users\\Virr\\Desktop\\rss\\stage3\\rss-react\\src\\App.tsx","all":false,"statementMap":{"0":{"start":{"line":1,"column":0},"end":{"line":1,"column":59}},"1":{"start":{"line":2,"column":0},"end":{"line":2,"column":41}},"2":{"start":{"line":3,"column":0},"end":{"line":3,"column":45}},"3":{"start":{"line":4,"column":0},"end":{"line":4,"column":57}},"4":{"start":{"line":5,"column":0},"end":{"line":5,"column":36}},"5":{"start":{"line":6,"column":0},"end":{"line":6,"column":40}},"6":{"start":{"line":7,"column":0},"end":{"line":7,"column":54}},"7":{"start":{"line":8,"column":0},"end":{"line":8,"column":51}},"8":{"start":{"line":9,"column":0},"end":{"line":9,"column":42}},"9":{"start":{"line":10,"column":0},"end":{"line":10,"column":61}},"10":{"start":{"line":11,"column":0},"end":{"line":11,"column":55}},"11":{"start":{"line":12,"column":0},"end":{"line":12,"column":0}},"12":{"start":{"line":13,"column":0},"end":{"line":13,"column":60}},"13":{"start":{"line":14,"column":0},"end":{"line":14,"column":55}},"14":{"start":{"line":15,"column":0},"end":{"line":15,"column":0}},"15":{"start":{"line":16,"column":0},"end":{"line":16,"column":19}},"16":{"start":{"line":17,"column":0},"end":{"line":17,"column":60}},"17":{"start":{"line":18,"column":0},"end":{"line":18,"column":54}},"18":{"start":{"line":19,"column":0},"end":{"line":19,"column":28}},"19":{"start":{"line":20,"column":0},"end":{"line":20,"column":74}},"20":{"start":{"line":21,"column":0},"end":{"line":21,"column":65}},"21":{"start":{"line":22,"column":0},"end":{"line":22,"column":54}},"22":{"start":{"line":23,"column":0},"end":{"line":23,"column":46}},"23":{"start":{"line":24,"column":0},"end":{"line":24,"column":65}},"24":{"start":{"line":25,"column":0},"end":{"line":25,"column":62}},"25":{"start":{"line":26,"column":0},"end":{"line":26,"column":51}},"26":{"start":{"line":27,"column":0},"end":{"line":27,"column":49}},"27":{"start":{"line":28,"column":0},"end":{"line":28,"column":4}},"28":{"start":{"line":29,"column":0},"end":{"line":29,"column":59}},"29":{"start":{"line":30,"column":0},"end":{"line":30,"column":56}},"30":{"start":{"line":31,"column":0},"end":{"line":31,"column":0}},"31":{"start":{"line":32,"column":0},"end":{"line":32,"column":19}},"32":{"start":{"line":33,"column":0},"end":{"line":33,"column":38}},"33":{"start":{"line":34,"column":0},"end":{"line":34,"column":20}},"34":{"start":{"line":35,"column":0},"end":{"line":35,"column":26}},"35":{"start":{"line":36,"column":0},"end":{"line":36,"column":0}},"36":{"start":{"line":37,"column":0},"end":{"line":37,"column":25}},"37":{"start":{"line":38,"column":0},"end":{"line":38,"column":32}},"38":{"start":{"line":39,"column":0},"end":{"line":39,"column":34}},"39":{"start":{"line":40,"column":0},"end":{"line":40,"column":7}},"40":{"start":{"line":41,"column":0},"end":{"line":41,"column":0}},"41":{"start":{"line":42,"column":0},"end":{"line":42,"column":67}},"42":{"start":{"line":43,"column":0},"end":{"line":43,"column":41}},"43":{"start":{"line":44,"column":0},"end":{"line":44,"column":29}},"44":{"start":{"line":45,"column":0},"end":{"line":45,"column":15}},"45":{"start":{"line":46,"column":0},"end":{"line":46,"column":7}},"46":{"start":{"line":47,"column":0},"end":{"line":47,"column":46}},"47":{"start":{"line":48,"column":0},"end":{"line":48,"column":77}},"48":{"start":{"line":49,"column":0},"end":{"line":49,"column":46}},"49":{"start":{"line":50,"column":0},"end":{"line":50,"column":49}},"50":{"start":{"line":51,"column":0},"end":{"line":51,"column":7}},"51":{"start":{"line":52,"column":0},"end":{"line":52,"column":20}},"52":{"start":{"line":53,"column":0},"end":{"line":53,"column":27}},"53":{"start":{"line":54,"column":0},"end":{"line":54,"column":6}},"54":{"start":{"line":55,"column":0},"end":{"line":55,"column":0}},"55":{"start":{"line":56,"column":0},"end":{"line":56,"column":19}},"56":{"start":{"line":57,"column":0},"end":{"line":57,"column":35}},"57":{"start":{"line":58,"column":0},"end":{"line":58,"column":0}},"58":{"start":{"line":59,"column":0},"end":{"line":59,"column":19}},"59":{"start":{"line":60,"column":0},"end":{"line":60,"column":43}},"60":{"start":{"line":61,"column":0},"end":{"line":61,"column":51}},"61":{"start":{"line":62,"column":0},"end":{"line":62,"column":33}},"62":{"start":{"line":63,"column":0},"end":{"line":63,"column":47}},"63":{"start":{"line":64,"column":0},"end":{"line":64,"column":37}},"64":{"start":{"line":65,"column":0},"end":{"line":65,"column":60}},"65":{"start":{"line":66,"column":0},"end":{"line":66,"column":55}},"66":{"start":{"line":67,"column":0},"end":{"line":67,"column":56}},"67":{"start":{"line":68,"column":0},"end":{"line":68,"column":46}},"68":{"start":{"line":69,"column":0},"end":{"line":69,"column":6}},"69":{"start":{"line":70,"column":0},"end":{"line":70,"column":0}},"70":{"start":{"line":71,"column":0},"end":{"line":71,"column":30}},"71":{"start":{"line":72,"column":0},"end":{"line":72,"column":21}},"72":{"start":{"line":73,"column":0},"end":{"line":73,"column":0}},"73":{"start":{"line":74,"column":0},"end":{"line":74,"column":30}},"74":{"start":{"line":75,"column":0},"end":{"line":75,"column":22}},"75":{"start":{"line":76,"column":0},"end":{"line":76,"column":28}},"76":{"start":{"line":77,"column":0},"end":{"line":77,"column":35}},"77":{"start":{"line":78,"column":0},"end":{"line":78,"column":33}},"78":{"start":{"line":79,"column":0},"end":{"line":79,"column":22}},"79":{"start":{"line":80,"column":0},"end":{"line":80,"column":9}},"80":{"start":{"line":81,"column":0},"end":{"line":81,"column":5}},"81":{"start":{"line":82,"column":0},"end":{"line":82,"column":4}},"82":{"start":{"line":83,"column":0},"end":{"line":83,"column":0}},"83":{"start":{"line":84,"column":0},"end":{"line":84,"column":79}},"84":{"start":{"line":85,"column":0},"end":{"line":85,"column":0}},"85":{"start":{"line":86,"column":0},"end":{"line":86,"column":10}},"86":{"start":{"line":87,"column":0},"end":{"line":87,"column":39}},"87":{"start":{"line":88,"column":0},"end":{"line":88,"column":11}},"88":{"start":{"line":89,"column":0},"end":{"line":89,"column":62}},"89":{"start":{"line":90,"column":0},"end":{"line":90,"column":38}},"90":{"start":{"line":91,"column":0},"end":{"line":91,"column":7}},"91":{"start":{"line":92,"column":0},"end":{"line":92,"column":47}},"92":{"start":{"line":93,"column":0},"end":{"line":93,"column":44}},"93":{"start":{"line":94,"column":0},"end":{"line":94,"column":25}},"94":{"start":{"line":95,"column":0},"end":{"line":95,"column":25}},"95":{"start":{"line":96,"column":0},"end":{"line":96,"column":15}},"96":{"start":{"line":97,"column":0},"end":{"line":97,"column":47}},"97":{"start":{"line":98,"column":0},"end":{"line":98,"column":26}},"98":{"start":{"line":99,"column":0},"end":{"line":99,"column":35}},"99":{"start":{"line":100,"column":0},"end":{"line":100,"column":12}},"100":{"start":{"line":101,"column":0},"end":{"line":101,"column":33}},"101":{"start":{"line":102,"column":0},"end":{"line":102,"column":26}},"102":{"start":{"line":103,"column":0},"end":{"line":103,"column":13}},"103":{"start":{"line":104,"column":0},"end":{"line":104,"column":23}},"104":{"start":{"line":105,"column":0},"end":{"line":105,"column":35}},"105":{"start":{"line":106,"column":0},"end":{"line":106,"column":20}},"106":{"start":{"line":107,"column":0},"end":{"line":107,"column":53}},"107":{"start":{"line":108,"column":0},"end":{"line":108,"column":16}},"108":{"start":{"line":109,"column":0},"end":{"line":109,"column":8}},"109":{"start":{"line":110,"column":0},"end":{"line":110,"column":20}},"110":{"start":{"line":111,"column":0},"end":{"line":111,"column":4}},"111":{"start":{"line":112,"column":0},"end":{"line":112,"column":2}},"112":{"start":{"line":113,"column":0},"end":{"line":113,"column":0}},"113":{"start":{"line":114,"column":0},"end":{"line":114,"column":19}}},"s":{"0":1,"1":1,"2":1,"3":1,"4":1,"5":1,"6":1,"7":1,"8":1,"9":1,"10":1,"11":1,"12":1,"13":1,"14":1,"15":1,"16":8,"17":8,"18":8,"19":8,"20":8,"21":8,"22":8,"23":8,"24":8,"25":8,"26":8,"27":8,"28":8,"29":8,"30":8,"31":8,"32":2,"33":2,"34":2,"35":2,"36":2,"37":2,"38":0,"39":0,"40":2,"41":2,"42":2,"43":0,"44":0,"45":0,"46":2,"47":0,"48":0,"49":0,"50":0,"51":2,"52":2,"53":2,"54":2,"55":2,"56":8,"57":8,"58":8,"59":3,"60":3,"61":3,"62":3,"63":3,"64":3,"65":3,"66":3,"67":3,"68":3,"69":3,"70":3,"71":8,"72":8,"73":8,"74":1,"75":0,"76":0,"77":0,"78":0,"79":0,"80":0,"81":1,"82":8,"83":8,"84":8,"85":8,"86":8,"87":8,"88":8,"89":8,"90":8,"91":8,"92":8,"93":8,"94":2,"95":6,"96":6,"97":6,"98":6,"99":8,"100":8,"101":8,"102":8,"103":8,"104":4,"105":4,"106":4,"107":4,"108":8,"109":8,"110":8,"111":8,"112":1,"113":1},"branchMap":{"0":{"type":"branch","line":16,"loc":{"start":{"line":16,"column":12},"end":{"line":112,"column":2}},"locations":[{"start":{"line":16,"column":12},"end":{"line":112,"column":2}}]},"1":{"type":"branch","line":24,"loc":{"start":{"line":24,"column":35},"end":{"line":24,"column":62}},"locations":[{"start":{"line":24,"column":35},"end":{"line":24,"column":62}}]},"2":{"type":"branch","line":27,"loc":{"start":{"line":27,"column":4},"end":{"line":27,"column":47}},"locations":[{"start":{"line":27,"column":4},"end":{"line":27,"column":47}}]},"3":{"type":"branch","line":29,"loc":{"start":{"line":29,"column":42},"end":{"line":29,"column":53}},"locations":[{"start":{"line":29,"column":42},"end":{"line":29,"column":53}}]},"4":{"type":"branch","line":29,"loc":{"start":{"line":29,"column":46},"end":{"line":29,"column":59}},"locations":[{"start":{"line":29,"column":46},"end":{"line":29,"column":59}}]},"5":{"type":"branch","line":89,"loc":{"start":{"line":89,"column":27},"end":{"line":89,"column":57}},"locations":[{"start":{"line":89,"column":27},"end":{"line":89,"column":57}}]},"6":{"type":"branch","line":89,"loc":{"start":{"line":89,"column":41},"end":{"line":89,"column":59}},"locations":[{"start":{"line":89,"column":41},"end":{"line":89,"column":59}}]},"7":{"type":"branch","line":94,"loc":{"start":{"line":94,"column":11},"end":{"line":95,"column":25}},"locations":[{"start":{"line":94,"column":11},"end":{"line":95,"column":25}}]},"8":{"type":"branch","line":95,"loc":{"start":{"line":95,"column":23},"end":{"line":99,"column":35}},"locations":[{"start":{"line":95,"column":23},"end":{"line":99,"column":35}}]},"9":{"type":"branch","line":104,"loc":{"start":{"line":104,"column":7},"end":{"line":108,"column":16}},"locations":[{"start":{"line":104,"column":7},"end":{"line":108,"column":16}}]},"10":{"type":"branch","line":32,"loc":{"start":{"line":32,"column":12},"end":{"line":57,"column":5}},"locations":[{"start":{"line":32,"column":12},"end":{"line":57,"column":5}}]},"11":{"type":"branch","line":33,"loc":{"start":{"line":33,"column":25},"end":{"line":54,"column":6}},"locations":[{"start":{"line":33,"column":25},"end":{"line":54,"column":6}}]},"12":{"type":"branch","line":38,"loc":{"start":{"line":38,"column":31},"end":{"line":40,"column":7}},"locations":[{"start":{"line":38,"column":31},"end":{"line":40,"column":7}}]},"13":{"type":"branch","line":43,"loc":{"start":{"line":43,"column":40},"end":{"line":46,"column":7}},"locations":[{"start":{"line":43,"column":40},"end":{"line":46,"column":7}}]},"14":{"type":"branch","line":47,"loc":{"start":{"line":47,"column":27},"end":{"line":47,"column":45}},"locations":[{"start":{"line":47,"column":27},"end":{"line":47,"column":45}}]},"15":{"type":"branch","line":47,"loc":{"start":{"line":47,"column":45},"end":{"line":51,"column":7}},"locations":[{"start":{"line":47,"column":45},"end":{"line":51,"column":7}}]},"16":{"type":"branch","line":59,"loc":{"start":{"line":59,"column":12},"end":{"line":72,"column":5}},"locations":[{"start":{"line":59,"column":12},"end":{"line":72,"column":5}}]},"17":{"type":"branch","line":60,"loc":{"start":{"line":60,"column":36},"end":{"line":69,"column":6}},"locations":[{"start":{"line":60,"column":36},"end":{"line":69,"column":6}}]},"18":{"type":"branch","line":64,"loc":{"start":{"line":64,"column":19},"end":{"line":64,"column":37}},"locations":[{"start":{"line":64,"column":19},"end":{"line":64,"column":37}}]},"19":{"type":"branch","line":66,"loc":{"start":{"line":66,"column":24},"end":{"line":66,"column":55}},"locations":[{"start":{"line":66,"column":24},"end":{"line":66,"column":55}}]},"20":{"type":"branch","line":68,"loc":{"start":{"line":68,"column":25},"end":{"line":68,"column":46}},"locations":[{"start":{"line":68,"column":25},"end":{"line":68,"column":46}}]},"21":{"type":"branch","line":74,"loc":{"start":{"line":74,"column":23},"end":{"line":82,"column":4}},"locations":[{"start":{"line":74,"column":23},"end":{"line":82,"column":4}}]},"22":{"type":"branch","line":75,"loc":{"start":{"line":75,"column":21},"end":{"line":81,"column":5}},"locations":[{"start":{"line":75,"column":21},"end":{"line":81,"column":5}}]},"23":{"type":"branch","line":90,"loc":{"start":{"line":90,"column":17},"end":{"line":90,"column":38}},"locations":[{"start":{"line":90,"column":17},"end":{"line":90,"column":38}}]}},"b":{"0":[8],"1":[0],"2":[0],"3":[5],"4":[3],"5":[4],"6":[4],"7":[2],"8":[6],"9":[4],"10":[2],"11":[2],"12":[0],"13":[0],"14":[0],"15":[0],"16":[3],"17":[3],"18":[0],"19":[0],"20":[2],"21":[1],"22":[0],"23":[1]},"fnMap":{"0":{"name":"App","decl":{"start":{"line":16,"column":12},"end":{"line":112,"column":2}},"loc":{"start":{"line":16,"column":12},"end":{"line":112,"column":2}},"line":16},"1":{"name":"handleSearch","decl":{"start":{"line":33,"column":25},"end":{"line":54,"column":6}},"loc":{"start":{"line":33,"column":25},"end":{"line":54,"column":6}},"line":33},"2":{"name":"handleQueryParamsChange","decl":{"start":{"line":60,"column":36},"end":{"line":69,"column":6}},"loc":{"start":{"line":60,"column":36},"end":{"line":69,"column":6}},"line":60},"3":{"name":"closeDetails","decl":{"start":{"line":74,"column":23},"end":{"line":82,"column":4}},"loc":{"start":{"line":74,"column":23},"end":{"line":82,"column":4}},"line":74},"4":{"name":"onClick","decl":{"start":{"line":90,"column":17},"end":{"line":90,"column":38}},"loc":{"start":{"line":90,"column":17},"end":{"line":90,"column":38}},"line":90},"5":{"name":"onClick","decl":{"start":{"line":107,"column":29},"end":{"line":107,"column":51}},"loc":{"start":{"line":107,"column":29},"end":{"line":107,"column":51}},"line":107}},"f":{"0":8,"1":2,"2":3,"3":1,"4":1,"5":0}}
,"C:\\Users\\Virr\\Desktop\\rss\\stage3\\rss-react\\src\\api\\getData.ts": {"path":"C:\\Users\\Virr\\Desktop\\rss\\stage3\\rss-react\\src\\api\\getData.ts","all":false,"statementMap":{"0":{"start":{"line":1,"column":0},"end":{"line":1,"column":55}},"1":{"start":{"line":2,"column":0},"end":{"line":2,"column":0}},"2":{"start":{"line":3,"column":0},"end":{"line":3,"column":49}},"3":{"start":{"line":4,"column":0},"end":{"line":4,"column":31}},"4":{"start":{"line":5,"column":0},"end":{"line":5,"column":33}},"5":{"start":{"line":6,"column":0},"end":{"line":6,"column":0}},"6":{"start":{"line":7,"column":0},"end":{"line":7,"column":43}},"7":{"start":{"line":8,"column":0},"end":{"line":8,"column":21}},"8":{"start":{"line":9,"column":0},"end":{"line":9,"column":55}},"9":{"start":{"line":10,"column":0},"end":{"line":10,"column":33}},"10":{"start":{"line":11,"column":0},"end":{"line":11,"column":29}},"11":{"start":{"line":12,"column":0},"end":{"line":12,"column":59}},"12":{"start":{"line":13,"column":0},"end":{"line":13,"column":37}},"13":{"start":{"line":14,"column":0},"end":{"line":14,"column":2}},"14":{"start":{"line":15,"column":0},"end":{"line":15,"column":0}},"15":{"start":{"line":16,"column":0},"end":{"line":16,"column":53}},"16":{"start":{"line":17,"column":0},"end":{"line":17,"column":33}},"17":{"start":{"line":18,"column":0},"end":{"line":18,"column":7}},"18":{"start":{"line":19,"column":0},"end":{"line":19,"column":38}},"19":{"start":{"line":20,"column":0},"end":{"line":20,"column":58}},"20":{"start":{"line":21,"column":0},"end":{"line":21,"column":16}},"21":{"start":{"line":22,"column":0},"end":{"line":22,"column":11}},"22":{"start":{"line":23,"column":0},"end":{"line":23,"column":51}},"23":{"start":{"line":24,"column":0},"end":{"line":24,"column":3}},"24":{"start":{"line":25,"column":0},"end":{"line":25,"column":2}}},"s":{"0":1,"1":1,"2":1,"3":1,"4":1,"5":1,"6":1,"7":0,"8":0,"9":0,"10":0,"11":0,"12":0,"13":0,"14":1,"15":1,"16":0,"17":0,"18":0,"19":0,"20":0,"21":0,"22":0,"23":0,"24":0},"branchMap":{},"b":{},"fnMap":{"0":{"name":"urlBuilder","decl":{"start":{"line":7,"column":19},"end":{"line":14,"column":2}},"loc":{"start":{"line":7,"column":19},"end":{"line":14,"column":2}},"line":7},"1":{"name":"getData","decl":{"start":{"line":16,"column":23},"end":{"line":25,"column":2}},"loc":{"start":{"line":16,"column":23},"end":{"line":25,"column":2}},"line":16}},"f":{"0":0,"1":0}}
,"C:\\Users\\Virr\\Desktop\\rss\\stage3\\rss-react\\src\\components\\Card\\index.tsx": {"path":"C:\\Users\\Virr\\Desktop\\rss\\stage3\\rss-react\\src\\components\\Card\\index.tsx","all":false,"statementMap":{"0":{"start":{"line":1,"column":0},"end":{"line":1,"column":51}},"1":{"start":{"line":2,"column":0},"end":{"line":2,"column":45}},"2":{"start":{"line":3,"column":0},"end":{"line":3,"column":21}},"3":{"start":{"line":4,"column":0},"end":{"line":4,"column":0}},"4":{"start":{"line":5,"column":0},"end":{"line":5,"column":39}},"5":{"start":{"line":6,"column":0},"end":{"line":6,"column":48}},"6":{"start":{"line":7,"column":0},"end":{"line":7,"column":48}},"7":{"start":{"line":8,"column":0},"end":{"line":8,"column":0}},"8":{"start":{"line":9,"column":0},"end":{"line":9,"column":35}},"9":{"start":{"line":10,"column":0},"end":{"line":10,"column":20}},"10":{"start":{"line":11,"column":0},"end":{"line":11,"column":33}},"11":{"start":{"line":12,"column":0},"end":{"line":12,"column":32}},"12":{"start":{"line":13,"column":0},"end":{"line":13,"column":20}},"13":{"start":{"line":14,"column":0},"end":{"line":14,"column":7}},"14":{"start":{"line":15,"column":0},"end":{"line":15,"column":4}},"15":{"start":{"line":16,"column":0},"end":{"line":16,"column":0}},"16":{"start":{"line":17,"column":0},"end":{"line":17,"column":10}},"17":{"start":{"line":18,"column":0},"end":{"line":18,"column":54}},"18":{"start":{"line":19,"column":0},"end":{"line":19,"column":53}},"19":{"start":{"line":20,"column":0},"end":{"line":20,"column":10}},"20":{"start":{"line":21,"column":0},"end":{"line":21,"column":12}},"21":{"start":{"line":22,"column":0},"end":{"line":22,"column":35}},"22":{"start":{"line":23,"column":0},"end":{"line":23,"column":40}},"23":{"start":{"line":24,"column":0},"end":{"line":24,"column":13}},"24":{"start":{"line":25,"column":0},"end":{"line":25,"column":12}},"25":{"start":{"line":26,"column":0},"end":{"line":26,"column":31}},"26":{"start":{"line":27,"column":0},"end":{"line":27,"column":38}},"27":{"start":{"line":28,"column":0},"end":{"line":28,"column":13}},"28":{"start":{"line":29,"column":0},"end":{"line":29,"column":12}},"29":{"start":{"line":30,"column":0},"end":{"line":30,"column":31}},"30":{"start":{"line":31,"column":0},"end":{"line":31,"column":36}},"31":{"start":{"line":32,"column":0},"end":{"line":32,"column":13}},"32":{"start":{"line":33,"column":0},"end":{"line":33,"column":11}},"33":{"start":{"line":34,"column":0},"end":{"line":34,"column":10}},"34":{"start":{"line":35,"column":0},"end":{"line":35,"column":4}},"35":{"start":{"line":36,"column":0},"end":{"line":36,"column":2}},"36":{"start":{"line":37,"column":0},"end":{"line":37,"column":0}},"37":{"start":{"line":38,"column":0},"end":{"line":38,"column":20}}},"s":{"0":1,"1":1,"2":1,"3":1,"4":1,"5":11,"6":11,"7":11,"8":11,"9":1,"10":1,"11":1,"12":1,"13":1,"14":1,"15":11,"16":11,"17":11,"18":11,"19":11,"20":11,"21":11,"22":11,"23":11,"24":11,"25":11,"26":11,"27":11,"28":11,"29":11,"30":11,"31":11,"32":11,"33":11,"34":11,"35":11,"36":1,"37":1},"branchMap":{"0":{"type":"branch","line":5,"loc":{"start":{"line":5,"column":13},"end":{"line":36,"column":2}},"locations":[{"start":{"line":5,"column":13},"end":{"line":36,"column":2}}]},"1":{"type":"branch","line":6,"loc":{"start":{"line":6,"column":38},"end":{"line":6,"column":48}},"locations":[{"start":{"line":6,"column":38},"end":{"line":6,"column":48}}]},"2":{"type":"branch","line":9,"loc":{"start":{"line":9,"column":28},"end":{"line":15,"column":4}},"locations":[{"start":{"line":9,"column":28},"end":{"line":15,"column":4}}]},"3":{"type":"branch","line":10,"loc":{"start":{"line":10,"column":13},"end":{"line":10,"column":20}},"locations":[{"start":{"line":10,"column":13},"end":{"line":10,"column":20}}]},"4":{"type":"branch","line":11,"loc":{"start":{"line":11,"column":20},"end":{"line":14,"column":5}},"locations":[{"start":{"line":11,"column":20},"end":{"line":14,"column":5}}]}},"b":{"0":[11],"1":[0],"2":[1],"3":[0],"4":[1]},"fnMap":{"0":{"name":"Card","decl":{"start":{"line":5,"column":13},"end":{"line":36,"column":2}},"loc":{"start":{"line":5,"column":13},"end":{"line":36,"column":2}},"line":5},"1":{"name":"handleShowDetails","decl":{"start":{"line":9,"column":28},"end":{"line":15,"column":4}},"loc":{"start":{"line":9,"column":28},"end":{"line":15,"column":4}},"line":9}},"f":{"0":11,"1":1}}
,"C:\\Users\\Virr\\Desktop\\rss\\stage3\\rss-react\\src\\components\\CardList\\index.tsx": {"path":"C:\\Users\\Virr\\Desktop\\rss\\stage3\\rss-react\\src\\components\\CardList\\index.tsx","all":false,"statementMap":{"0":{"start":{"line":1,"column":0},"end":{"line":1,"column":27}},"1":{"start":{"line":2,"column":0},"end":{"line":2,"column":21}},"2":{"start":{"line":3,"column":0},"end":{"line":3,"column":35}},"3":{"start":{"line":4,"column":0},"end":{"line":4,"column":55}},"4":{"start":{"line":5,"column":0},"end":{"line":5,"column":39}},"5":{"start":{"line":6,"column":0},"end":{"line":6,"column":0}},"6":{"start":{"line":7,"column":0},"end":{"line":7,"column":24}},"7":{"start":{"line":8,"column":0},"end":{"line":8,"column":39}},"8":{"start":{"line":9,"column":0},"end":{"line":9,"column":43}},"9":{"start":{"line":10,"column":0},"end":{"line":10,"column":0}},"10":{"start":{"line":11,"column":0},"end":{"line":11,"column":29}},"11":{"start":{"line":12,"column":0},"end":{"line":12,"column":65}},"12":{"start":{"line":13,"column":0},"end":{"line":13,"column":0}},"13":{"start":{"line":14,"column":0},"end":{"line":14,"column":10}},"14":{"start":{"line":15,"column":0},"end":{"line":15,"column":13}},"15":{"start":{"line":16,"column":0},"end":{"line":16,"column":15}},"16":{"start":{"line":17,"column":0},"end":{"line":17,"column":37}},"17":{"start":{"line":18,"column":0},"end":{"line":18,"column":74}},"18":{"start":{"line":19,"column":0},"end":{"line":19,"column":51}},"19":{"start":{"line":20,"column":0},"end":{"line":20,"column":12}},"20":{"start":{"line":21,"column":0},"end":{"line":21,"column":11}},"21":{"start":{"line":22,"column":0},"end":{"line":22,"column":31}},"22":{"start":{"line":23,"column":0},"end":{"line":23,"column":57}},"23":{"start":{"line":24,"column":0},"end":{"line":24,"column":14}},"24":{"start":{"line":25,"column":0},"end":{"line":25,"column":8}},"25":{"start":{"line":26,"column":0},"end":{"line":26,"column":31}},"26":{"start":{"line":27,"column":0},"end":{"line":27,"column":10}},"27":{"start":{"line":28,"column":0},"end":{"line":28,"column":24}},"28":{"start":{"line":29,"column":0},"end":{"line":29,"column":58}},"29":{"start":{"line":30,"column":0},"end":{"line":30,"column":11}},"30":{"start":{"line":31,"column":0},"end":{"line":31,"column":11}},"31":{"start":{"line":32,"column":0},"end":{"line":32,"column":64}},"32":{"start":{"line":33,"column":0},"end":{"line":33,"column":8}},"33":{"start":{"line":34,"column":0},"end":{"line":34,"column":14}},"34":{"start":{"line":35,"column":0},"end":{"line":35,"column":4}},"35":{"start":{"line":36,"column":0},"end":{"line":36,"column":2}},"36":{"start":{"line":37,"column":0},"end":{"line":37,"column":0}},"37":{"start":{"line":38,"column":0},"end":{"line":38,"column":24}}},"s":{"0":1,"1":1,"2":1,"3":1,"4":1,"5":1,"6":1,"7":8,"8":8,"9":8,"10":8,"11":5,"12":8,"13":8,"14":8,"15":8,"16":6,"17":6,"18":6,"19":6,"20":2,"21":2,"22":2,"23":2,"24":8,"25":8,"26":5,"27":5,"28":5,"29":5,"30":3,"31":3,"32":8,"33":8,"34":8,"35":8,"36":1,"37":1},"branchMap":{"0":{"type":"branch","line":7,"loc":{"start":{"line":7,"column":17},"end":{"line":36,"column":2}},"locations":[{"start":{"line":7,"column":17},"end":{"line":36,"column":2}}]},"1":{"type":"branch","line":16,"loc":{"start":{"line":16,"column":7},"end":{"line":20,"column":12}},"locations":[{"start":{"line":16,"column":7},"end":{"line":20,"column":12}}]},"2":{"type":"branch","line":18,"loc":{"start":{"line":18,"column":61},"end":{"line":18,"column":70}},"locations":[{"start":{"line":18,"column":61},"end":{"line":18,"column":70}}]},"3":{"type":"branch","line":19,"loc":{"start":{"line":19,"column":18},"end":{"line":19,"column":48}},"locations":[{"start":{"line":19,"column":18},"end":{"line":19,"column":48}}]},"4":{"type":"branch","line":20,"loc":{"start":{"line":20,"column":8},"end":{"line":24,"column":14}},"locations":[{"start":{"line":20,"column":8},"end":{"line":24,"column":14}}]},"5":{"type":"branch","line":26,"loc":{"start":{"line":26,"column":7},"end":{"line":26,"column":21}},"locations":[{"start":{"line":26,"column":7},"end":{"line":26,"column":21}}]},"6":{"type":"branch","line":26,"loc":{"start":{"line":26,"column":21},"end":{"line":30,"column":11}},"locations":[{"start":{"line":26,"column":21},"end":{"line":30,"column":11}}]},"7":{"type":"branch","line":30,"loc":{"start":{"line":30,"column":8},"end":{"line":32,"column":64}},"locations":[{"start":{"line":30,"column":8},"end":{"line":32,"column":64}}]},"8":{"type":"branch","line":11,"loc":{"start":{"line":11,"column":24},"end":{"line":12,"column":65}},"locations":[{"start":{"line":11,"column":24},"end":{"line":12,"column":65}}]},"9":{"type":"branch","line":12,"loc":{"start":{"line":12,"column":22},"end":{"line":12,"column":63}},"locations":[{"start":{"line":12,"column":22},"end":{"line":12,"column":63}}]}},"b":{"0":[8],"1":[6],"2":[0],"3":[0],"4":[2],"5":[6],"6":[5],"7":[3],"8":[5],"9":[10]},"fnMap":{"0":{"name":"CardList","decl":{"start":{"line":7,"column":17},"end":{"line":36,"column":2}},"loc":{"start":{"line":7,"column":17},"end":{"line":36,"column":2}},"line":7},"1":{"name":"searchResults","decl":{"start":{"line":11,"column":24},"end":{"line":12,"column":65}},"loc":{"start":{"line":11,"column":24},"end":{"line":12,"column":65}},"line":11}},"f":{"0":8,"1":5}}
,"C:\\Users\\Virr\\Desktop\\rss\\stage3\\rss-react\\src\\components\\Details\\index.tsx": {"path":"C:\\Users\\Virr\\Desktop\\rss\\stage3\\rss-react\\src\\components\\Details\\index.tsx","all":false,"statementMap":{"0":{"start":{"line":1,"column":0},"end":{"line":1,"column":44}},"1":{"start":{"line":2,"column":0},"end":{"line":2,"column":51}},"2":{"start":{"line":3,"column":0},"end":{"line":3,"column":41}},"3":{"start":{"line":4,"column":0},"end":{"line":4,"column":44}},"4":{"start":{"line":5,"column":0},"end":{"line":5,"column":44}},"5":{"start":{"line":6,"column":0},"end":{"line":6,"column":0}},"6":{"start":{"line":7,"column":0},"end":{"line":7,"column":23}},"7":{"start":{"line":8,"column":0},"end":{"line":8,"column":43}},"8":{"start":{"line":9,"column":0},"end":{"line":9,"column":41}},"9":{"start":{"line":10,"column":0},"end":{"line":10,"column":60}},"10":{"start":{"line":11,"column":0},"end":{"line":11,"column":53}},"11":{"start":{"line":12,"column":0},"end":{"line":12,"column":0}},"12":{"start":{"line":13,"column":0},"end":{"line":13,"column":19}},"13":{"start":{"line":14,"column":0},"end":{"line":14,"column":39}},"14":{"start":{"line":15,"column":0},"end":{"line":15,"column":22}},"15":{"start":{"line":16,"column":0},"end":{"line":16,"column":41}},"16":{"start":{"line":17,"column":0},"end":{"line":17,"column":48}},"17":{"start":{"line":18,"column":0},"end":{"line":18,"column":27}},"18":{"start":{"line":19,"column":0},"end":{"line":19,"column":6}},"19":{"start":{"line":20,"column":0},"end":{"line":20,"column":0}},"20":{"start":{"line":21,"column":0},"end":{"line":21,"column":20}},"21":{"start":{"line":22,"column":0},"end":{"line":22,"column":11}},"22":{"start":{"line":23,"column":0},"end":{"line":23,"column":0}},"23":{"start":{"line":24,"column":0},"end":{"line":24,"column":25}},"24":{"start":{"line":25,"column":0},"end":{"line":25,"column":19}},"25":{"start":{"line":26,"column":0},"end":{"line":26,"column":22}},"26":{"start":{"line":27,"column":0},"end":{"line":27,"column":29}},"27":{"start":{"line":28,"column":0},"end":{"line":28,"column":25}},"28":{"start":{"line":29,"column":0},"end":{"line":29,"column":16}},"29":{"start":{"line":30,"column":0},"end":{"line":30,"column":12}},"30":{"start":{"line":31,"column":0},"end":{"line":31,"column":37}},"31":{"start":{"line":32,"column":0},"end":{"line":32,"column":41}},"32":{"start":{"line":33,"column":0},"end":{"line":33,"column":41}},"33":{"start":{"line":34,"column":0},"end":{"line":34,"column":37}},"34":{"start":{"line":35,"column":0},"end":{"line":35,"column":49}},"35":{"start":{"line":36,"column":0},"end":{"line":36,"column":49}},"36":{"start":{"line":37,"column":0},"end":{"line":37,"column":49}},"37":{"start":{"line":38,"column":0},"end":{"line":38,"column":47}},"38":{"start":{"line":39,"column":0},"end":{"line":39,"column":13}},"39":{"start":{"line":40,"column":0},"end":{"line":40,"column":10}},"40":{"start":{"line":41,"column":0},"end":{"line":41,"column":14}},"41":{"start":{"line":42,"column":0},"end":{"line":42,"column":49}},"42":{"start":{"line":43,"column":0},"end":{"line":43,"column":5}},"43":{"start":{"line":44,"column":0},"end":{"line":44,"column":4}},"44":{"start":{"line":45,"column":0},"end":{"line":45,"column":0}},"45":{"start":{"line":46,"column":0},"end":{"line":46,"column":10}},"46":{"start":{"line":47,"column":0},"end":{"line":47,"column":38}},"47":{"start":{"line":48,"column":0},"end":{"line":48,"column":22}},"48":{"start":{"line":49,"column":0},"end":{"line":49,"column":17}},"49":{"start":{"line":50,"column":0},"end":{"line":50,"column":10}},"50":{"start":{"line":51,"column":0},"end":{"line":51,"column":4}},"51":{"start":{"line":52,"column":0},"end":{"line":52,"column":2}},"52":{"start":{"line":53,"column":0},"end":{"line":53,"column":0}},"53":{"start":{"line":54,"column":0},"end":{"line":54,"column":23}}},"s":{"0":1,"1":1,"2":1,"3":1,"4":1,"5":1,"6":1,"7":5,"8":5,"9":5,"10":5,"11":5,"12":5,"13":3,"14":3,"15":2,"16":3,"17":2,"18":3,"19":3,"20":3,"21":5,"22":5,"23":5,"24":5,"25":5,"26":3,"27":5,"28":0,"29":0,"30":0,"31":0,"32":0,"33":0,"34":0,"35":0,"36":0,"37":0,"38":0,"39":5,"40":5,"41":2,"42":5,"43":5,"44":5,"45":5,"46":5,"47":5,"48":5,"49":5,"50":5,"51":5,"52":1,"53":1},"branchMap":{"0":{"type":"branch","line":7,"loc":{"start":{"line":7,"column":16},"end":{"line":52,"column":2}},"locations":[{"start":{"line":7,"column":16},"end":{"line":52,"column":2}}]},"1":{"type":"branch","line":13,"loc":{"start":{"line":13,"column":12},"end":{"line":22,"column":5}},"locations":[{"start":{"line":13,"column":12},"end":{"line":22,"column":5}}]},"2":{"type":"branch","line":14,"loc":{"start":{"line":14,"column":26},"end":{"line":19,"column":6}},"locations":[{"start":{"line":14,"column":26},"end":{"line":19,"column":6}}]},"3":{"type":"branch","line":15,"loc":{"start":{"line":15,"column":15},"end":{"line":15,"column":22}},"locations":[{"start":{"line":15,"column":15},"end":{"line":15,"column":22}}]},"4":{"type":"branch","line":15,"loc":{"start":{"line":15,"column":15},"end":{"line":17,"column":34}},"locations":[{"start":{"line":15,"column":15},"end":{"line":17,"column":34}}]},"5":{"type":"branch","line":17,"loc":{"start":{"line":17,"column":34},"end":{"line":18,"column":27}},"locations":[{"start":{"line":17,"column":34},"end":{"line":18,"column":27}}]},"6":{"type":"branch","line":17,"loc":{"start":{"line":17,"column":34},"end":{"line":17,"column":48}},"locations":[{"start":{"line":17,"column":34},"end":{"line":17,"column":48}}]},"7":{"type":"branch","line":24,"loc":{"start":{"line":24,"column":18},"end":{"line":44,"column":4}},"locations":[{"start":{"line":24,"column":18},"end":{"line":44,"column":4}}]},"8":{"type":"branch","line":26,"loc":{"start":{"line":26,"column":6},"end":{"line":27,"column":29}},"locations":[{"start":{"line":26,"column":6},"end":{"line":27,"column":29}}]},"9":{"type":"branch","line":28,"loc":{"start":{"line":28,"column":6},"end":{"line":39,"column":13}},"locations":[{"start":{"line":28,"column":6},"end":{"line":39,"column":13}}]},"10":{"type":"branch","line":41,"loc":{"start":{"line":41,"column":6},"end":{"line":42,"column":49}},"locations":[{"start":{"line":41,"column":6},"end":{"line":42,"column":49}}]}},"b":{"0":[5],"1":[3],"2":[3],"3":[1],"4":[2],"5":[2],"6":[0],"7":[5],"8":[3],"9":[0],"10":[2]},"fnMap":{"0":{"name":"Details","decl":{"start":{"line":7,"column":16},"end":{"line":52,"column":2}},"loc":{"start":{"line":7,"column":16},"end":{"line":52,"column":2}},"line":7},"1":{"name":"handleDetails","decl":{"start":{"line":14,"column":26},"end":{"line":19,"column":6}},"loc":{"start":{"line":14,"column":26},"end":{"line":19,"column":6}},"line":14},"2":{"name":"content","decl":{"start":{"line":24,"column":18},"end":{"line":44,"column":4}},"loc":{"start":{"line":24,"column":18},"end":{"line":44,"column":4}},"line":24}},"f":{"0":5,"1":3,"2":5}}
,"C:\\Users\\Virr\\Desktop\\rss\\stage3\\rss-react\\src\\components\\ErrorBoundary\\index.tsx": {"path":"C:\\Users\\Virr\\Desktop\\rss\\stage3\\rss-react\\src\\components\\ErrorBoundary\\index.tsx","all":false,"statementMap":{"0":{"start":{"line":1,"column":0},"end":{"line":1,"column":45}},"1":{"start":{"line":2,"column":0},"end":{"line":2,"column":54}},"2":{"start":{"line":3,"column":0},"end":{"line":3,"column":0}},"3":{"start":{"line":4,"column":0},"end":{"line":4,"column":59}},"4":{"start":{"line":5,"column":0},"end":{"line":5,"column":30}},"5":{"start":{"line":6,"column":0},"end":{"line":6,"column":0}},"6":{"start":{"line":7,"column":0},"end":{"line":7,"column":63}},"7":{"start":{"line":8,"column":0},"end":{"line":8,"column":0}},"8":{"start":{"line":9,"column":0},"end":{"line":9,"column":56}},"9":{"start":{"line":10,"column":0},"end":{"line":10,"column":30}},"10":{"start":{"line":11,"column":0},"end":{"line":11,"column":0}},"11":{"start":{"line":12,"column":0},"end":{"line":12,"column":18}},"12":{"start":{"line":13,"column":0},"end":{"line":13,"column":56}},"13":{"start":{"line":14,"column":0},"end":{"line":14,"column":31}},"14":{"start":{"line":15,"column":0},"end":{"line":15,"column":4}},"15":{"start":{"line":16,"column":0},"end":{"line":16,"column":1}},"16":{"start":{"line":17,"column":0},"end":{"line":17,"column":0}},"17":{"start":{"line":18,"column":0},"end":{"line":18,"column":29}}},"s":{"0":1,"1":1,"2":1,"3":1,"4":5,"5":5,"6":5,"7":5,"8":5,"9":0,"10":5,"11":5,"12":8,"13":8,"14":8,"15":5,"16":1,"17":1},"branchMap":{"0":{"type":"branch","line":4,"loc":{"start":{"line":4,"column":58},"end":{"line":16,"column":1}},"locations":[{"start":{"line":4,"column":58},"end":{"line":16,"column":1}}]},"1":{"type":"branch","line":12,"loc":{"start":{"line":12,"column":11},"end":{"line":15,"column":4}},"locations":[{"start":{"line":12,"column":11},"end":{"line":15,"column":4}}]},"2":{"type":"branch","line":13,"loc":{"start":{"line":13,"column":29},"end":{"line":13,"column":56}},"locations":[{"start":{"line":13,"column":29},"end":{"line":13,"column":56}}]}},"b":{"0":[5],"1":[8],"2":[0]},"fnMap":{"0":{"name":"<static_initializer>","decl":{"start":{"line":4,"column":58},"end":{"line":16,"column":1}},"loc":{"start":{"line":4,"column":58},"end":{"line":16,"column":1}},"line":4},"1":{"name":"getDerivedStateFromError","decl":{"start":{"line":7,"column":36},"end":{"line":7,"column":63}},"loc":{"start":{"line":7,"column":36},"end":{"line":7,"column":63}},"line":7},"2":{"name":"componentDidCatch","decl":{"start":{"line":9,"column":22},"end":{"line":10,"column":30}},"loc":{"start":{"line":9,"column":22},"end":{"line":10,"column":30}},"line":9},"3":{"name":"render","decl":{"start":{"line":12,"column":11},"end":{"line":15,"column":4}},"loc":{"start":{"line":12,"column":11},"end":{"line":15,"column":4}},"line":12}},"f":{"0":5,"1":0,"2":0,"3":8}}
,"C:\\Users\\Virr\\Desktop\\rss\\stage3\\rss-react\\src\\components\\ErrorComponent\\index.tsx": {"path":"C:\\Users\\Virr\\Desktop\\rss\\stage3\\rss-react\\src\\components\\ErrorComponent\\index.tsx","all":false,"statementMap":{"0":{"start":{"line":1,"column":0},"end":{"line":1,"column":33}},"1":{"start":{"line":2,"column":0},"end":{"line":2,"column":21}},"2":{"start":{"line":3,"column":0},"end":{"line":3,"column":0}},"3":{"start":{"line":4,"column":0},"end":{"line":4,"column":30}},"4":{"start":{"line":5,"column":0},"end":{"line":5,"column":50}},"5":{"start":{"line":6,"column":0},"end":{"line":6,"column":0}},"6":{"start":{"line":7,"column":0},"end":{"line":7,"column":28}},"7":{"start":{"line":8,"column":0},"end":{"line":8,"column":22}},"8":{"start":{"line":9,"column":0},"end":{"line":9,"column":4}},"9":{"start":{"line":10,"column":0},"end":{"line":10,"column":0}},"10":{"start":{"line":11,"column":0},"end":{"line":11,"column":59}},"11":{"start":{"line":12,"column":0},"end":{"line":12,"column":0}},"12":{"start":{"line":13,"column":0},"end":{"line":13,"column":10}},"13":{"start":{"line":14,"column":0},"end":{"line":14,"column":55}},"14":{"start":{"line":15,"column":0},"end":{"line":15,"column":17}},"15":{"start":{"line":16,"column":0},"end":{"line":16,"column":13}},"16":{"start":{"line":17,"column":0},"end":{"line":17,"column":4}},"17":{"start":{"line":18,"column":0},"end":{"line":18,"column":2}},"18":{"start":{"line":19,"column":0},"end":{"line":19,"column":0}},"19":{"start":{"line":20,"column":0},"end":{"line":20,"column":30}}},"s":{"0":1,"1":1,"2":1,"3":1,"4":8,"5":8,"6":8,"7":0,"8":0,"9":8,"10":8,"11":8,"12":8,"13":8,"14":8,"15":8,"16":8,"17":8,"18":1,"19":1},"branchMap":{"0":{"type":"branch","line":4,"loc":{"start":{"line":4,"column":23},"end":{"line":18,"column":2}},"locations":[{"start":{"line":4,"column":23},"end":{"line":18,"column":2}}]},"1":{"type":"branch","line":11,"loc":{"start":{"line":11,"column":16},"end":{"line":11,"column":59}},"locations":[{"start":{"line":11,"column":16},"end":{"line":11,"column":59}}]}},"b":{"0":[8],"1":[0]},"fnMap":{"0":{"name":"ErrorComponent","decl":{"start":{"line":4,"column":23},"end":{"line":18,"column":2}},"loc":{"start":{"line":4,"column":23},"end":{"line":18,"column":2}},"line":4},"1":{"name":"throwError","decl":{"start":{"line":7,"column":21},"end":{"line":9,"column":4}},"loc":{"start":{"line":7,"column":21},"end":{"line":9,"column":4}},"line":7}},"f":{"0":8,"1":0}}
,"C:\\Users\\Virr\\Desktop\\rss\\stage3\\rss-react\\src\\components\\Pagination\\index.tsx": {"path":"C:\\Users\\Virr\\Desktop\\rss\\stage3\\rss-react\\src\\components\\Pagination\\index.tsx","all":false,"statementMap":{"0":{"start":{"line":1,"column":0},"end":{"line":1,"column":45}},"1":{"start":{"line":2,"column":0},"end":{"line":2,"column":51}},"2":{"start":{"line":3,"column":0},"end":{"line":3,"column":40}},"3":{"start":{"line":4,"column":0},"end":{"line":4,"column":21}},"4":{"start":{"line":5,"column":0},"end":{"line":5,"column":0}},"5":{"start":{"line":6,"column":0},"end":{"line":6,"column":26}},"6":{"start":{"line":7,"column":0},"end":{"line":7,"column":60}},"7":{"start":{"line":8,"column":0},"end":{"line":8,"column":0}},"8":{"start":{"line":9,"column":0},"end":{"line":9,"column":57}},"9":{"start":{"line":10,"column":0},"end":{"line":10,"column":67}},"10":{"start":{"line":11,"column":0},"end":{"line":11,"column":54}},"11":{"start":{"line":12,"column":0},"end":{"line":12,"column":57}},"12":{"start":{"line":13,"column":0},"end":{"line":13,"column":52}},"13":{"start":{"line":14,"column":0},"end":{"line":14,"column":57}},"14":{"start":{"line":15,"column":0},"end":{"line":15,"column":0}},"15":{"start":{"line":16,"column":0},"end":{"line":16,"column":27}},"16":{"start":{"line":17,"column":0},"end":{"line":17,"column":20}},"17":{"start":{"line":18,"column":0},"end":{"line":18,"column":17}},"18":{"start":{"line":19,"column":0},"end":{"line":19,"column":28}},"19":{"start":{"line":20,"column":0},"end":{"line":20,"column":0}},"20":{"start":{"line":21,"column":0},"end":{"line":21,"column":49}},"21":{"start":{"line":22,"column":0},"end":{"line":22,"column":33}},"22":{"start":{"line":23,"column":0},"end":{"line":23,"column":42}},"23":{"start":{"line":24,"column":0},"end":{"line":24,"column":31}},"24":{"start":{"line":25,"column":0},"end":{"line":25,"column":20}},"25":{"start":{"line":26,"column":0},"end":{"line":26,"column":7}},"26":{"start":{"line":27,"column":0},"end":{"line":27,"column":4}},"27":{"start":{"line":28,"column":0},"end":{"line":28,"column":0}},"28":{"start":{"line":29,"column":0},"end":{"line":29,"column":55}},"29":{"start":{"line":30,"column":0},"end":{"line":30,"column":33}},"30":{"start":{"line":31,"column":0},"end":{"line":31,"column":30}},"31":{"start":{"line":32,"column":0},"end":{"line":32,"column":48}},"32":{"start":{"line":33,"column":0},"end":{"line":33,"column":20}},"33":{"start":{"line":34,"column":0},"end":{"line":34,"column":7}},"34":{"start":{"line":35,"column":0},"end":{"line":35,"column":4}},"35":{"start":{"line":36,"column":0},"end":{"line":36,"column":0}},"36":{"start":{"line":37,"column":0},"end":{"line":37,"column":10}},"37":{"start":{"line":38,"column":0},"end":{"line":38,"column":31}},"38":{"start":{"line":39,"column":0},"end":{"line":39,"column":39}},"39":{"start":{"line":40,"column":0},"end":{"line":40,"column":15}},"40":{"start":{"line":41,"column":0},"end":{"line":41,"column":37}},"41":{"start":{"line":42,"column":0},"end":{"line":42,"column":45}},"42":{"start":{"line":43,"column":0},"end":{"line":43,"column":38}},"43":{"start":{"line":44,"column":0},"end":{"line":44,"column":9}},"44":{"start":{"line":45,"column":0},"end":{"line":45,"column":18}},"45":{"start":{"line":46,"column":0},"end":{"line":46,"column":17}},"46":{"start":{"line":47,"column":0},"end":{"line":47,"column":11}},"47":{"start":{"line":48,"column":0},"end":{"line":48,"column":39}},"48":{"start":{"line":49,"column":0},"end":{"line":49,"column":15}},"49":{"start":{"line":50,"column":0},"end":{"line":50,"column":37}},"50":{"start":{"line":51,"column":0},"end":{"line":51,"column":59}},"51":{"start":{"line":52,"column":0},"end":{"line":52,"column":38}},"52":{"start":{"line":53,"column":0},"end":{"line":53,"column":9}},"53":{"start":{"line":54,"column":0},"end":{"line":54,"column":14}},"54":{"start":{"line":55,"column":0},"end":{"line":55,"column":17}},"55":{"start":{"line":56,"column":0},"end":{"line":56,"column":11}},"56":{"start":{"line":57,"column":0},"end":{"line":57,"column":42}},"57":{"start":{"line":58,"column":0},"end":{"line":58,"column":58}},"58":{"start":{"line":59,"column":0},"end":{"line":59,"column":17}},"59":{"start":{"line":60,"column":0},"end":{"line":60,"column":58}},"60":{"start":{"line":61,"column":0},"end":{"line":61,"column":56}},"61":{"start":{"line":62,"column":0},"end":{"line":62,"column":49}},"62":{"start":{"line":63,"column":0},"end":{"line":63,"column":11}},"63":{"start":{"line":64,"column":0},"end":{"line":64,"column":24}},"64":{"start":{"line":65,"column":0},"end":{"line":65,"column":19}},"65":{"start":{"line":66,"column":0},"end":{"line":66,"column":13}},"66":{"start":{"line":67,"column":0},"end":{"line":67,"column":9}},"67":{"start":{"line":68,"column":0},"end":{"line":68,"column":39}},"68":{"start":{"line":69,"column":0},"end":{"line":69,"column":15}},"69":{"start":{"line":70,"column":0},"end":{"line":70,"column":37}},"70":{"start":{"line":71,"column":0},"end":{"line":71,"column":59}},"71":{"start":{"line":72,"column":0},"end":{"line":72,"column":46}},"72":{"start":{"line":73,"column":0},"end":{"line":73,"column":9}},"73":{"start":{"line":74,"column":0},"end":{"line":74,"column":14}},"74":{"start":{"line":75,"column":0},"end":{"line":75,"column":17}},"75":{"start":{"line":76,"column":0},"end":{"line":76,"column":11}},"76":{"start":{"line":77,"column":0},"end":{"line":77,"column":39}},"77":{"start":{"line":78,"column":0},"end":{"line":78,"column":15}},"78":{"start":{"line":79,"column":0},"end":{"line":79,"column":37}},"79":{"start":{"line":80,"column":0},"end":{"line":80,"column":53}},"80":{"start":{"line":81,"column":0},"end":{"line":81,"column":46}},"81":{"start":{"line":82,"column":0},"end":{"line":82,"column":9}},"82":{"start":{"line":83,"column":0},"end":{"line":83,"column":18}},"83":{"start":{"line":84,"column":0},"end":{"line":84,"column":17}},"84":{"start":{"line":85,"column":0},"end":{"line":85,"column":11}},"85":{"start":{"line":86,"column":0},"end":{"line":86,"column":39}},"86":{"start":{"line":87,"column":0},"end":{"line":87,"column":32}},"87":{"start":{"line":88,"column":0},"end":{"line":88,"column":15}},"88":{"start":{"line":89,"column":0},"end":{"line":89,"column":40}},"89":{"start":{"line":90,"column":0},"end":{"line":90,"column":30}},"90":{"start":{"line":91,"column":0},"end":{"line":91,"column":69}},"91":{"start":{"line":92,"column":0},"end":{"line":92,"column":9}},"92":{"start":{"line":93,"column":0},"end":{"line":93,"column":40}},"93":{"start":{"line":94,"column":0},"end":{"line":94,"column":40}},"94":{"start":{"line":95,"column":0},"end":{"line":95,"column":17}},"95":{"start":{"line":96,"column":0},"end":{"line":96,"column":11}},"96":{"start":{"line":97,"column":0},"end":{"line":97,"column":9}},"97":{"start":{"line":98,"column":0},"end":{"line":98,"column":4}},"98":{"start":{"line":99,"column":0},"end":{"line":99,"column":2}},"99":{"start":{"line":100,"column":0},"end":{"line":100,"column":0}},"100":{"start":{"line":101,"column":0},"end":{"line":101,"column":26}}},"s":{"0":1,"1":1,"2":1,"3":1,"4":1,"5":1,"6":7,"7":7,"8":7,"9":7,"10":7,"11":7,"12":7,"13":7,"14":7,"15":7,"16":7,"17":7,"18":7,"19":7,"20":7,"21":1,"22":1,"23":1,"24":1,"25":1,"26":1,"27":7,"28":7,"29":0,"30":0,"31":0,"32":0,"33":0,"34":0,"35":7,"36":7,"37":7,"38":7,"39":7,"40":7,"41":7,"42":7,"43":7,"44":7,"45":7,"46":7,"47":7,"48":7,"49":7,"50":7,"51":7,"52":7,"53":7,"54":7,"55":7,"56":7,"57":9,"58":9,"59":9,"60":9,"61":9,"62":9,"63":9,"64":9,"65":9,"66":7,"67":7,"68":7,"69":7,"70":7,"71":7,"72":7,"73":7,"74":7,"75":7,"76":7,"77":7,"78":7,"79":7,"80":7,"81":7,"82":7,"83":7,"84":7,"85":7,"86":7,"87":7,"88":7,"89":7,"90":7,"91":7,"92":7,"93":7,"94":7,"95":7,"96":7,"97":7,"98":7,"99":1,"100":1},"branchMap":{"0":{"type":"branch","line":6,"loc":{"start":{"line":6,"column":19},"end":{"line":99,"column":2}},"locations":[{"start":{"line":6,"column":19},"end":{"line":99,"column":2}}]},"1":{"type":"branch","line":9,"loc":{"start":{"line":9,"column":46},"end":{"line":9,"column":57}},"locations":[{"start":{"line":9,"column":46},"end":{"line":9,"column":57}}]},"2":{"type":"branch","line":12,"loc":{"start":{"line":12,"column":50},"end":{"line":12,"column":57}},"locations":[{"start":{"line":12,"column":50},"end":{"line":12,"column":57}}]},"3":{"type":"branch","line":16,"loc":{"start":{"line":16,"column":22},"end":{"line":19,"column":28}},"locations":[{"start":{"line":16,"column":22},"end":{"line":19,"column":28}}]},"4":{"type":"branch","line":19,"loc":{"start":{"line":19,"column":11},"end":{"line":19,"column":26}},"locations":[{"start":{"line":19,"column":11},"end":{"line":19,"column":26}}]},"5":{"type":"branch","line":21,"loc":{"start":{"line":21,"column":27},"end":{"line":27,"column":4}},"locations":[{"start":{"line":21,"column":27},"end":{"line":27,"column":4}}]},"6":{"type":"branch","line":22,"loc":{"start":{"line":22,"column":20},"end":{"line":26,"column":5}},"locations":[{"start":{"line":22,"column":20},"end":{"line":26,"column":5}}]},"7":{"type":"branch","line":57,"loc":{"start":{"line":57,"column":25},"end":{"line":66,"column":13}},"locations":[{"start":{"line":57,"column":25},"end":{"line":66,"column":13}}]},"8":{"type":"branch","line":80,"loc":{"start":{"line":80,"column":19},"end":{"line":80,"column":53}},"locations":[{"start":{"line":80,"column":19},"end":{"line":80,"column":53}}]}},"b":{"0":[7],"1":[0],"2":[6],"3":[7],"4":[9],"5":[1],"6":[1],"7":[9],"8":[1]},"fnMap":{"0":{"name":"Pagination","decl":{"start":{"line":6,"column":19},"end":{"line":99,"column":2}},"loc":{"start":{"line":6,"column":19},"end":{"line":99,"column":2}},"line":6},"1":{"name":"pageNumbers","decl":{"start":{"line":16,"column":22},"end":{"line":19,"column":28}},"loc":{"start":{"line":16,"column":22},"end":{"line":19,"column":28}},"line":16},"2":{"name":"handlePageChange","decl":{"start":{"line":21,"column":27},"end":{"line":27,"column":4}},"loc":{"start":{"line":21,"column":27},"end":{"line":27,"column":4}},"line":21},"3":{"name":"handleItemsPerPageChange","decl":{"start":{"line":29,"column":35},"end":{"line":35,"column":4}},"loc":{"start":{"line":29,"column":35},"end":{"line":35,"column":4}},"line":29},"4":{"name":"onClick","decl":{"start":{"line":42,"column":19},"end":{"line":42,"column":45}},"loc":{"start":{"line":42,"column":19},"end":{"line":42,"column":45}},"line":42},"5":{"name":"onClick","decl":{"start":{"line":51,"column":19},"end":{"line":51,"column":59}},"loc":{"start":{"line":51,"column":19},"end":{"line":51,"column":59}},"line":51},"6":{"name":"onClick","decl":{"start":{"line":61,"column":21},"end":{"line":61,"column":56}},"loc":{"start":{"line":61,"column":21},"end":{"line":61,"column":56}},"line":61},"7":{"name":"onClick","decl":{"start":{"line":71,"column":19},"end":{"line":71,"column":59}},"loc":{"start":{"line":71,"column":19},"end":{"line":71,"column":59}},"line":71},"8":{"name":"onClick","decl":{"start":{"line":80,"column":19},"end":{"line":80,"column":53}},"loc":{"start":{"line":80,"column":19},"end":{"line":80,"column":53}},"line":80},"9":{"name":"onChange","decl":{"start":{"line":91,"column":20},"end":{"line":91,"column":69}},"loc":{"start":{"line":91,"column":20},"end":{"line":91,"column":69}},"line":91}},"f":{"0":7,"1":7,"2":1,"3":0,"4":0,"5":0,"6":0,"7":0,"8":1,"9":0}}
,"C:\\Users\\Virr\\Desktop\\rss\\stage3\\rss-react\\src\\components\\Search\\index.tsx": {"path":"C:\\Users\\Virr\\Desktop\\rss\\stage3\\rss-react\\src\\components\\Search\\index.tsx","all":false,"statementMap":{"0":{"start":{"line":1,"column":0},"end":{"line":1,"column":47}},"1":{"start":{"line":2,"column":0},"end":{"line":2,"column":45}},"2":{"start":{"line":3,"column":0},"end":{"line":3,"column":21}},"3":{"start":{"line":4,"column":0},"end":{"line":4,"column":51}},"4":{"start":{"line":5,"column":0},"end":{"line":5,"column":42}},"5":{"start":{"line":6,"column":0},"end":{"line":6,"column":0}},"6":{"start":{"line":7,"column":0},"end":{"line":7,"column":49}},"7":{"start":{"line":8,"column":0},"end":{"line":8,"column":64}},"8":{"start":{"line":9,"column":0},"end":{"line":9,"column":48}},"9":{"start":{"line":10,"column":0},"end":{"line":10,"column":0}},"10":{"start":{"line":11,"column":0},"end":{"line":11,"column":67}},"11":{"start":{"line":12,"column":0},"end":{"line":12,"column":36}},"12":{"start":{"line":13,"column":0},"end":{"line":13,"column":4}},"13":{"start":{"line":14,"column":0},"end":{"line":14,"column":0}},"14":{"start":{"line":15,"column":0},"end":{"line":15,"column":48}},"15":{"start":{"line":16,"column":0},"end":{"line":16,"column":23}},"16":{"start":{"line":17,"column":0},"end":{"line":17,"column":27}},"17":{"start":{"line":18,"column":0},"end":{"line":18,"column":51}},"18":{"start":{"line":19,"column":0},"end":{"line":19,"column":23}},"19":{"start":{"line":20,"column":0},"end":{"line":20,"column":35}},"20":{"start":{"line":21,"column":0},"end":{"line":21,"column":36}},"21":{"start":{"line":22,"column":0},"end":{"line":22,"column":22}},"22":{"start":{"line":23,"column":0},"end":{"line":23,"column":9}},"23":{"start":{"line":24,"column":0},"end":{"line":24,"column":12}},"24":{"start":{"line":25,"column":0},"end":{"line":25,"column":35}},"25":{"start":{"line":26,"column":0},"end":{"line":26,"column":32}},"26":{"start":{"line":27,"column":0},"end":{"line":27,"column":22}},"27":{"start":{"line":28,"column":0},"end":{"line":28,"column":9}},"28":{"start":{"line":29,"column":0},"end":{"line":29,"column":5}},"29":{"start":{"line":30,"column":0},"end":{"line":30,"column":0}},"30":{"start":{"line":31,"column":0},"end":{"line":31,"column":33}},"31":{"start":{"line":32,"column":0},"end":{"line":32,"column":30}},"32":{"start":{"line":33,"column":0},"end":{"line":33,"column":20}},"33":{"start":{"line":34,"column":0},"end":{"line":34,"column":7}},"34":{"start":{"line":35,"column":0},"end":{"line":35,"column":4}},"35":{"start":{"line":36,"column":0},"end":{"line":36,"column":0}},"36":{"start":{"line":37,"column":0},"end":{"line":37,"column":10}},"37":{"start":{"line":38,"column":0},"end":{"line":38,"column":13}},"38":{"start":{"line":39,"column":0},"end":{"line":39,"column":55}},"39":{"start":{"line":40,"column":0},"end":{"line":40,"column":14}},"40":{"start":{"line":41,"column":0},"end":{"line":41,"column":35}},"41":{"start":{"line":42,"column":0},"end":{"line":42,"column":21}},"42":{"start":{"line":43,"column":0},"end":{"line":43,"column":23}},"43":{"start":{"line":44,"column":0},"end":{"line":44,"column":32}},"44":{"start":{"line":45,"column":0},"end":{"line":45,"column":28}},"45":{"start":{"line":46,"column":0},"end":{"line":46,"column":10}},"46":{"start":{"line":47,"column":0},"end":{"line":47,"column":76}},"47":{"start":{"line":48,"column":0},"end":{"line":48,"column":16}},"48":{"start":{"line":49,"column":0},"end":{"line":49,"column":17}},"49":{"start":{"line":50,"column":0},"end":{"line":50,"column":13}},"50":{"start":{"line":51,"column":0},"end":{"line":51,"column":14}},"51":{"start":{"line":52,"column":0},"end":{"line":52,"column":4}},"52":{"start":{"line":53,"column":0},"end":{"line":53,"column":2}},"53":{"start":{"line":54,"column":0},"end":{"line":54,"column":0}},"54":{"start":{"line":55,"column":0},"end":{"line":55,"column":22}}},"s":{"0":1,"1":1,"2":1,"3":1,"4":1,"5":1,"6":1,"7":8,"8":8,"9":8,"10":8,"11":0,"12":0,"13":8,"14":8,"15":0,"16":0,"17":0,"18":0,"19":0,"20":0,"21":0,"22":0,"23":0,"24":0,"25":0,"26":0,"27":0,"28":0,"29":0,"30":0,"31":0,"32":0,"33":0,"34":0,"35":8,"36":8,"37":8,"38":8,"39":8,"40":8,"41":8,"42":8,"43":8,"44":8,"45":8,"46":8,"47":8,"48":8,"49":8,"50":8,"51":8,"52":8,"53":1,"54":1},"branchMap":{"0":{"type":"branch","line":7,"loc":{"start":{"line":7,"column":15},"end":{"line":53,"column":2}},"locations":[{"start":{"line":7,"column":15},"end":{"line":53,"column":2}}]}},"b":{"0":[8]},"fnMap":{"0":{"name":"Search","decl":{"start":{"line":7,"column":15},"end":{"line":53,"column":2}},"loc":{"start":{"line":7,"column":15},"end":{"line":53,"column":2}},"line":7},"1":{"name":"updateQuery","decl":{"start":{"line":11,"column":22},"end":{"line":13,"column":4}},"loc":{"start":{"line":11,"column":22},"end":{"line":13,"column":4}},"line":11},"2":{"name":"handleSubmit","decl":{"start":{"line":15,"column":23},"end":{"line":35,"column":4}},"loc":{"start":{"line":15,"column":23},"end":{"line":35,"column":4}},"line":15}},"f":{"0":8,"1":0,"2":0}}
,"C:\\Users\\Virr\\Desktop\\rss\\stage3\\rss-react\\src\\components\\common\\CloseBtn\\CloseBtn.tsx": {"path":"C:\\Users\\Virr\\Desktop\\rss\\stage3\\rss-react\\src\\components\\common\\CloseBtn\\CloseBtn.tsx","all":false,"statementMap":{"0":{"start":{"line":1,"column":0},"end":{"line":1,"column":47}},"1":{"start":{"line":2,"column":0},"end":{"line":2,"column":21}},"2":{"start":{"line":3,"column":0},"end":{"line":3,"column":0}},"3":{"start":{"line":4,"column":0},"end":{"line":4,"column":50}},"4":{"start":{"line":5,"column":0},"end":{"line":5,"column":47}},"5":{"start":{"line":6,"column":0},"end":{"line":6,"column":2}},"6":{"start":{"line":7,"column":0},"end":{"line":7,"column":0}},"7":{"start":{"line":8,"column":0},"end":{"line":8,"column":24}}},"s":{"0":1,"1":1,"2":1,"3":1,"4":4,"5":1,"6":1,"7":1},"branchMap":{"0":{"type":"branch","line":4,"loc":{"start":{"line":4,"column":17},"end":{"line":5,"column":47}},"locations":[{"start":{"line":4,"column":17},"end":{"line":5,"column":47}}]}},"b":{"0":[4]},"fnMap":{"0":{"name":"CloseBtn","decl":{"start":{"line":4,"column":17},"end":{"line":5,"column":47}},"loc":{"start":{"line":4,"column":17},"end":{"line":5,"column":47}},"line":4}},"f":{"0":4}}
,"C:\\Users\\Virr\\Desktop\\rss\\stage3\\rss-react\\src\\components\\common\\Preloader\\index.tsx": {"path":"C:\\Users\\Virr\\Desktop\\rss\\stage3\\rss-react\\src\\components\\common\\Preloader\\index.tsx","all":false,"statementMap":{"0":{"start":{"line":1,"column":0},"end":{"line":1,"column":21}},"1":{"start":{"line":2,"column":0},"end":{"line":2,"column":0}},"2":{"start":{"line":3,"column":0},"end":{"line":3,"column":25}},"3":{"start":{"line":4,"column":0},"end":{"line":4,"column":39}},"4":{"start":{"line":5,"column":0},"end":{"line":5,"column":31}},"5":{"start":{"line":6,"column":0},"end":{"line":6,"column":27}},"6":{"start":{"line":7,"column":0},"end":{"line":7,"column":8}},"7":{"start":{"line":8,"column":0},"end":{"line":8,"column":2}},"8":{"start":{"line":9,"column":0},"end":{"line":9,"column":0}},"9":{"start":{"line":10,"column":0},"end":{"line":10,"column":25}}},"s":{"0":1,"1":1,"2":1,"3":5,"4":5,"5":5,"6":5,"7":1,"8":1,"9":1},"branchMap":{"0":{"type":"branch","line":3,"loc":{"start":{"line":3,"column":18},"end":{"line":7,"column":8}},"locations":[{"start":{"line":3,"column":18},"end":{"line":7,"column":8}}]}},"b":{"0":[5]},"fnMap":{"0":{"name":"Preloader","decl":{"start":{"line":3,"column":18},"end":{"line":7,"column":8}},"loc":{"start":{"line":3,"column":18},"end":{"line":7,"column":8}},"line":3}},"f":{"0":5}}
,"C:\\Users\\Virr\\Desktop\\rss\\stage3\\rss-react\\src\\router\\index.tsx": {"path":"C:\\Users\\Virr\\Desktop\\rss\\stage3\\rss-react\\src\\router\\index.tsx","all":false,"statementMap":{"0":{"start":{"line":1,"column":0},"end":{"line":1,"column":8}},"1":{"start":{"line":2,"column":0},"end":{"line":2,"column":22}},"2":{"start":{"line":3,"column":0},"end":{"line":3,"column":27}},"3":{"start":{"line":4,"column":0},"end":{"line":4,"column":8}},"4":{"start":{"line":5,"column":0},"end":{"line":5,"column":26}},"5":{"start":{"line":6,"column":0},"end":{"line":6,"column":25}},"6":{"start":{"line":7,"column":0},"end":{"line":7,"column":44}},"7":{"start":{"line":8,"column":0},"end":{"line":8,"column":0}},"8":{"start":{"line":9,"column":0},"end":{"line":9,"column":35}},"9":{"start":{"line":10,"column":0},"end":{"line":10,"column":27}},"10":{"start":{"line":11,"column":0},"end":{"line":11,"column":38}},"11":{"start":{"line":12,"column":0},"end":{"line":12,"column":43}},"12":{"start":{"line":13,"column":0},"end":{"line":13,"column":12}},"13":{"start":{"line":14,"column":0},"end":{"line":14,"column":3}},"14":{"start":{"line":15,"column":0},"end":{"line":15,"column":2}},"15":{"start":{"line":16,"column":0},"end":{"line":16,"column":0}},"16":{"start":{"line":17,"column":0},"end":{"line":17,"column":22}}},"s":{"0":1,"1":1,"2":1,"3":1,"4":1,"5":1,"6":1,"7":1,"8":1,"9":1,"10":1,"11":1,"12":1,"13":1,"14":1,"15":1,"16":1},"branchMap":{},"b":{},"fnMap":{},"f":{}}
}
